<?xml version="1.0" encoding="UTF-8"?>
<!-- Generated by org.testng.reporters.JUnitXMLReporter -->
<testsuite ignored="1" hostname="AZ-HYD-LPT-04" failures="0" tests="3" name="Testtwo" time="2.087" errors="0" timestamp="2024-08-14T12:12:46 IST">
  <testcase classname="TestCases.TC_001" name="name" time="0.666"/>
  <testcase classname="TestCases.TC_002" name="Login" time="0.247"/>
  <testcase classname="TestCases.TC_002" name="Add_To_Cart" time="0.441"/>
  <testcase classname="Utilites.Baseone" name="@BeforeTest install" time="0.0">
    <ignored/>
  </testcase> <!-- @BeforeTest install -->
</testsuite> <!-- Testtwo -->
