<?xml version="1.0" encoding="UTF-8"?>
<!-- Generated by org.testng.reporters.JUnitXMLReporter -->
<testsuite ignored="1" hostname="AZ-HYD-LPT-04" failures="0" tests="3" name="Testtwo" time="2.222" errors="0" timestamp="2024-07-24T15:15:05 IST">
  <testcase classname="TestCases.TC_001" name="name" time="0.655"/>
  <testcase classname="TestCases.TC_002" name="Login" time="0.234"/>
  <testcase classname="TestCases.TC_002" name="Add_To_Cart" time="0.424"/>
  <testcase classname="Utilites.Baseone" name="@BeforeTest install" time="0.0">
    <ignored/>
  </testcase> <!-- @BeforeTest install -->
</testsuite> <!-- Testtwo -->
