<?xml version="1.0" encoding="UTF-8"?>
<testng-results ignored="0" total="4" passed="4" failed="0" skipped="0">
  <reporter-output>
  </reporter-output>
  <suite started-at="2024-08-14T12:12:40 IST" name="Suite" finished-at="2024-08-14T12:12:46 IST" duration-ms="5792">
    <groups>
    </groups>
    <test started-at="2024-08-14T12:12:40 IST" name="Testone" finished-at="2024-08-14T12:12:44 IST" duration-ms="3687">
      <class name="TestCases.TC_001">
        <test-method is-config="true" signature="install()[pri:0, instance:TestCases.TC_001@65d09a04]" started-at="2024-08-14T12:12:40 IST" name="install" finished-at="2024-08-14T12:12:43 IST" duration-ms="2919" status="PASS">
          <reporter-output>
          </reporter-output>
        </test-method> <!-- install -->
        <test-method signature="name()[pri:0, instance:TestCases.TC_001@65d09a04]" started-at="2024-08-14T12:12:43 IST" name="name" finished-at="2024-08-14T12:12:44 IST" duration-ms="733" status="PASS">
          <reporter-output>
          </reporter-output>
        </test-method> <!-- name -->
      </class> <!-- TestCases.TC_001 -->
    </test> <!-- Testone -->
    <test started-at="2024-08-14T12:12:44 IST" name="Testtwo" finished-at="2024-08-14T12:12:46 IST" duration-ms="2087">
      <class name="TestCases.TC_001">
        <test-method is-config="true" signature="install()[pri:0, instance:TestCases.TC_001@21b2e768]" started-at="2024-08-14T12:12:44 IST" name="install" finished-at="2024-08-14T12:12:45 IST" duration-ms="726" status="PASS">
          <reporter-output>
          </reporter-output>
        </test-method> <!-- install -->
        <test-method signature="name()[pri:0, instance:TestCases.TC_001@21b2e768]" started-at="2024-08-14T12:12:45 IST" name="name" finished-at="2024-08-14T12:12:45 IST" duration-ms="666" status="PASS">
          <reporter-output>
          </reporter-output>
        </test-method> <!-- name -->
      </class> <!-- TestCases.TC_001 -->
      <class name="TestCases.TC_002">
        <test-method signature="Login()[pri:1, instance:TestCases.TC_002@57250572]" started-at="2024-08-14T12:12:45 IST" name="Login" finished-at="2024-08-14T12:12:46 IST" duration-ms="247" status="PASS">
          <reporter-output>
          </reporter-output>
        </test-method> <!-- Login -->
        <test-method signature="Add_To_Cart()[pri:2, instance:TestCases.TC_002@57250572]" started-at="2024-08-14T12:12:46 IST" name="Add_To_Cart" finished-at="2024-08-14T12:12:46 IST" duration-ms="441" status="PASS">
          <reporter-output>
          </reporter-output>
        </test-method> <!-- Add_To_Cart -->
      </class> <!-- TestCases.TC_002 -->
    </test> <!-- Testtwo -->
  </suite> <!-- Suite -->
</testng-results>
